line profiling: sample.interval=20000
#File 1: TestProfiling.R
1#77 "eval" "eval" "withVisible" "source" 
1#76 "eval" "eval" "withVisible" "source" 
"-" 1#22 "idx_up" 1#73 "eval" "eval" "withVisible" "source" 
1#68 "eval" "eval" "withVisible" "source" 
1#75 "eval" "eval" "withVisible" "source" 
1#75 "eval" "eval" "withVisible" "source" 
1#69 "eval" "eval" "withVisible" "source" 
1#17 "idx_right" 1#42 "get_nmoved" 1#78 "eval" "eval" "withVisible" "source" 
"%%" 1#22 "idx_up" 1#40 "get_nmoved" 1#71 "eval" "eval" "withVisible" "source" 
"%/%" 1#22 "idx_up" 1#73 "eval" "eval" "withVisible" "source" 
"==" 1#42 "get_nmoved" 1#78 "eval" "eval" "withVisible" "source" 
1#75 "eval" "eval" "withVisible" "source" 
1#75 "eval" "eval" "withVisible" "source" 
1#22 "$" 1#22 "idx_up" 1#73 "eval" "eval" "withVisible" "source" 
1#68 "eval" "eval" "withVisible" "source" 
1#67 "eval" "eval" "withVisible" "source" 
1#75 "eval" "eval" "withVisible" "source" 
"%%" 1#22 "idx_up" 1#73 "eval" "eval" "withVisible" "source" 
1#74 "eval" "eval" "withVisible" "source" 
"%%" 1#22 "idx_up" 1#73 "eval" "eval" "withVisible" "source" 
"==" 1#42 "get_nmoved" 1#78 "eval" "eval" "withVisible" "source" 
"%%" 1#22 "idx_up" 1#40 "get_nmoved" 1#71 "eval" "eval" "withVisible" "source" 
"%/%" 1#22 "idx_up" 1#40 "get_nmoved" 1#71 "eval" "eval" "withVisible" "source" 
1#68 "eval" "eval" "withVisible" "source" 
1#74 "eval" "eval" "withVisible" "source" 
1#75 "$" 1#75 "eval" "eval" "withVisible" "source" 
1#75 "eval" "eval" "withVisible" "source" 
1#75 "eval" "eval" "withVisible" "source" 
1#17 "idx_right" 1#42 "get_nmoved" 1#78 "eval" "eval" "withVisible" "source" 
"==" 1#40 "get_nmoved" 1#71 "eval" "eval" "withVisible" "source" 
1#76 "eval" "eval" "withVisible" "source" 
1#74 "eval" "eval" "withVisible" "source" 
1#42 "get_nmoved" 1#78 "eval" "eval" "withVisible" "source" 
1#76 "eval" "eval" "withVisible" "source" 
1#69 "eval" "eval" "withVisible" "source" 
1#42 "get_nmoved" 1#78 "eval" "eval" "withVisible" "source" 
"c" 1#70 "eval" "eval" "withVisible" "source" 
1#42 "get_nmoved" 1#78 "eval" "eval" "withVisible" "source" 
1#69 "eval" "eval" "withVisible" "source" 
"%/%" 1#22 "idx_up" 1#73 "eval" "eval" "withVisible" "source" 
1#75 "eval" "eval" "withVisible" "source" 
1#69 "eval" "eval" "withVisible" "source" 
"%%" 1#22 "idx_up" 1#40 "get_nmoved" 1#71 "eval" "eval" "withVisible" "source" 
"==" 1#67 "eval" "eval" "withVisible" "source" 
"+" 1#17 "idx_right" 1#42 "get_nmoved" 1#78 "eval" "eval" "withVisible" "source" 
1#70 "eval" "eval" "withVisible" "source" 
1#75 "eval" "eval" "withVisible" "source" 
"%%" 1#17 "idx_right" 1#42 "get_nmoved" 1#78 "eval" "eval" "withVisible" "source" 
"%/%" 1#22 "idx_up" 1#73 "eval" "eval" "withVisible" "source" 
"==" 1#67 "eval" "eval" "withVisible" "source" 
1#68 "eval" "eval" "withVisible" "source" 
"==" 1#74 "eval" "eval" "withVisible" "source" 
1#75 "eval" "eval" "withVisible" "source" 
1#69 "eval" "eval" "withVisible" "source" 
1#69 "eval" "eval" "withVisible" "source" 
1#76 "eval" "eval" "withVisible" "source" 
1#42 "get_nmoved" 1#78 "eval" "eval" "withVisible" "source" 
1#40 "get_nmoved" 1#71 "eval" "eval" "withVisible" "source" 
"==" 1#67 "eval" "eval" "withVisible" "source" 
1#40 "get_nmoved" 1#71 "eval" "eval" "withVisible" "source" 
1#75 "eval" "eval" "withVisible" "source" 
1#68 "eval" "eval" "withVisible" "source" 
"%/%" 1#22 "idx_up" 1#40 "get_nmoved" 1#71 "eval" "eval" "withVisible" "source" 
"+" 1#17 "idx_right" 1#42 "get_nmoved" 1#78 "eval" "eval" "withVisible" "source" 
1#42 "get_nmoved" 1#78 "eval" "eval" "withVisible" "source" 
1#68 "eval" "eval" "withVisible" "source" 
"==" 1#40 "get_nmoved" 1#71 "eval" "eval" "withVisible" "source" 
1#74 "eval" "eval" "withVisible" "source" 
1#68 "eval" "eval" "withVisible" "source" 
1#68 "eval" "eval" "withVisible" "source" 
"==" 1#67 "eval" "eval" "withVisible" "source" 
"%%" 1#22 "idx_up" 1#40 "get_nmoved" 1#71 "eval" "eval" "withVisible" "source" 
1#69 "eval" "eval" "withVisible" "source" 
1#17 "idx_right" 1#42 "get_nmoved" 1#78 "eval" "eval" "withVisible" "source" 
1#74 "eval" "eval" "withVisible" "source" 
1#75 "eval" "eval" "withVisible" "source" 
"%%" 1#17 "idx_right" 1#66 "eval" "eval" "withVisible" "source" 
"%%" 1#22 "idx_up" 1#73 "eval" "eval" "withVisible" "source" 
"%%" 1#22 "idx_up" 1#73 "eval" "eval" "withVisible" "source" 
1#40 "get_nmoved" 1#71 "eval" "eval" "withVisible" "source" 
"%%" 1#22 "idx_up" 1#40 "get_nmoved" 1#71 "eval" "eval" "withVisible" "source" 
1#42 "get_nmoved" 1#78 "eval" "eval" "withVisible" "source" 
1#68 "eval" "eval" "withVisible" "source" 
1#75 "eval" "eval" "withVisible" "source" 
1#76 "eval" "eval" "withVisible" "source" 
1#75 "eval" "eval" "withVisible" "source" 
1#76 "eval" "eval" "withVisible" "source" 
1#69 "eval" "eval" "withVisible" "source" 
"==" 1#67 "eval" "eval" "withVisible" "source" 
1#75 "eval" "eval" "withVisible" "source" 
1#75 "eval" "eval" "withVisible" "source" 
"%%" 1#17 "idx_right" 1#66 "eval" "eval" "withVisible" "source" 
1#76 "eval" "eval" "withVisible" "source" 
1#69 "eval" "eval" "withVisible" "source" 
1#77 "$" 1#77 "eval" "eval" "withVisible" "source" 
1#77 "eval" "eval" "withVisible" "source" 
"%/%" 1#22 "idx_up" 1#73 "eval" "eval" "withVisible" "source" 
"%/%" 1#22 "idx_up" 1#73 "eval" "eval" "withVisible" "source" 
1#69 "eval" "eval" "withVisible" "source" 
"%%" 1#22 "idx_up" 1#40 "get_nmoved" 1#71 "eval" "eval" "withVisible" "source" 
1#78 "eval" "eval" "withVisible" "source" 
1#74 "eval" "eval" "withVisible" "source" 
1#69 "eval" "eval" "withVisible" "source" 
1#75 "eval" "eval" "withVisible" "source" 
"%/%" 1#22 "idx_up" 1#40 "get_nmoved" 1#71 "eval" "eval" "withVisible" "source" 
1#69 "eval" "eval" "withVisible" "source" 
1#76 "eval" "eval" "withVisible" "source" 
"%/%" 1#22 "idx_up" 1#73 "eval" "eval" "withVisible" "source" 
1#69 "eval" "eval" "withVisible" "source" 
1#75 "eval" "eval" "withVisible" "source" 
1#75 "eval" "eval" "withVisible" "source" 
1#75 "eval" "eval" "withVisible" "source" 
"%%" 1#17 "idx_right" 1#66 "eval" "eval" "withVisible" "source" 
1#69 "eval" "eval" "withVisible" "source" 
1#75 "eval" "eval" "withVisible" "source" 
1#75 "eval" "eval" "withVisible" "source" 
1#69 "$<-" 1#69 "eval" "eval" "withVisible" "source" 
1#40 "get_nmoved" 1#71 "eval" "eval" "withVisible" "source" 
1#75 "eval" "eval" "withVisible" "source" 
1#68 "eval" "eval" "withVisible" "source" 
"%%" 1#22 "idx_up" 1#40 "get_nmoved" 1#71 "eval" "eval" "withVisible" "source" 
1#76 "eval" "eval" "withVisible" "source" 
"%%" 1#22 "idx_up" 1#40 "get_nmoved" 1#71 "eval" "eval" "withVisible" "source" 
1#68 "$" 1#68 "eval" "eval" "withVisible" "source" 
1#70 "eval" "eval" "withVisible" "source" 
"%%" 1#22 "idx_up" 1#73 "eval" "eval" "withVisible" "source" 
"%%" 1#22 "idx_up" 1#73 "eval" "eval" "withVisible" "source" 
1#40 "get_nmoved" 1#71 "eval" "eval" "withVisible" "source" 
"%%" 1#22 "idx_up" 1#40 "get_nmoved" 1#71 "eval" "eval" "withVisible" "source" 
1#76 "eval" "eval" "withVisible" "source" 
1#69 "eval" "eval" "withVisible" "source" 
1#42 "get_nmoved" 1#78 "eval" "eval" "withVisible" "source" 
"%%" 1#22 "idx_up" 1#73 "eval" "eval" "withVisible" "source" 
"==" 1#74 "eval" "eval" "withVisible" "source" 
"%%" 1#22 "idx_up" 1#40 "get_nmoved" 1#71 "eval" "eval" "withVisible" "source" 
1#74 "eval" "eval" "withVisible" "source" 
"%%" 1#17 "idx_right" 1#42 "get_nmoved" 1#78 "eval" "eval" "withVisible" "source" 
1#78 "eval" "eval" "withVisible" "source" 
"%%" 1#22 "idx_up" 1#40 "get_nmoved" 1#71 "eval" "eval" "withVisible" "source" 
"%%" 1#17 "idx_right" 1#42 "get_nmoved" 1#78 "eval" "eval" "withVisible" "source" 
1#67 "eval" "eval" "withVisible" "source" 
1#67 "eval" "eval" "withVisible" "source" 
1#68 "eval" "eval" "withVisible" "source" 
1#74 "eval" "eval" "withVisible" "source" 
1#75 "eval" "eval" "withVisible" "source" 
1#67 "eval" "eval" "withVisible" "source" 
"%%" 1#22 "idx_up" 1#40 "get_nmoved" 1#71 "eval" "eval" "withVisible" "source" 
1#67 "eval" "eval" "withVisible" "source" 
1#80 "eval" "eval" "withVisible" "source" 
1#70 "eval" "eval" "withVisible" "source" 
1#67 "eval" "eval" "withVisible" "source" 
1#78 "eval" "eval" "withVisible" "source" 
1#75 "eval" "eval" "withVisible" "source" 
1#22 "idx_up" 1#40 "get_nmoved" 1#71 "eval" "eval" "withVisible" "source" 
1#40 "get_nmoved" 1#71 "eval" "eval" "withVisible" "source" 
"+" 1#17 "idx_right" 1#42 "get_nmoved" 1#78 "eval" "eval" "withVisible" "source" 
1#22 "idx_up" 1#73 "eval" "eval" "withVisible" "source" 
1#69 "eval" "eval" "withVisible" "source" 
1#75 "eval" "eval" "withVisible" "source" 
1#67 "eval" "eval" "withVisible" "source" 
1#42 "get_nmoved" 1#78 "eval" "eval" "withVisible" "source" 
1#69 "eval" "eval" "withVisible" "source" 
"%%" 1#22 "idx_up" 1#40 "get_nmoved" 1#71 "eval" "eval" "withVisible" "source" 
"==" 1#67 "eval" "eval" "withVisible" "source" 
"%%" 1#22 "idx_up" 1#40 "get_nmoved" 1#71 "eval" "eval" "withVisible" "source" 
"%/%" 1#22 "idx_up" 1#40 "get_nmoved" 1#71 "eval" "eval" "withVisible" "source" 
1#77 "eval" "eval" "withVisible" "source" 
"%/%" 1#22 "idx_up" 1#40 "get_nmoved" 1#71 "eval" "eval" "withVisible" "source" 
"%%" 1#17 "idx_right" 1#66 "eval" "eval" "withVisible" "source" 
1#75 "eval" "eval" "withVisible" "source" 
1#74 "eval" "eval" "withVisible" "source" 
1#74 "eval" "eval" "withVisible" "source" 
1#76 "eval" "eval" "withVisible" "source" 
"==" 1#67 "eval" "eval" "withVisible" "source" 
"==" 1#42 "get_nmoved" 1#78 "eval" "eval" "withVisible" "source" 
"-" 1#17 "idx_right" 1#42 "get_nmoved" 1#78 "eval" "eval" "withVisible" "source" 
"==" 1#74 "eval" "eval" "withVisible" "source" 
"==" 1#40 "get_nmoved" 1#71 "eval" "eval" "withVisible" "source" 
1#76 "eval" "eval" "withVisible" "source" 
1#42 "get_nmoved" 1#78 "eval" "eval" "withVisible" "source" 
"%%" 1#22 "idx_up" 1#73 "eval" "eval" "withVisible" "source" 
"%/%" 1#22 "idx_up" 1#73 "eval" "eval" "withVisible" "source" 
"-" 1#22 "idx_up" 1#40 "get_nmoved" 1#71 "eval" "eval" "withVisible" "source" 
"%%" 1#22 "idx_up" 1#40 "get_nmoved" 1#71 "eval" "eval" "withVisible" "source" 
"c" 1#70 "eval" "eval" "withVisible" "source" 
"c" 1#77 "eval" "eval" "withVisible" "source" 
1#74 "eval" "eval" "withVisible" "source" 
"%%" 1#17 "idx_right" 1#66 "eval" "eval" "withVisible" "source" 
"%%" 1#22 "idx_up" 1#73 "eval" "eval" "withVisible" "source" 
1#70 "eval" "eval" "withVisible" "source" 
"==" 1#67 "eval" "eval" "withVisible" "source" 
1#40 "get_nmoved" 1#71 "eval" "eval" "withVisible" "source" 
1#76 "eval" "eval" "withVisible" "source" 
1#76 "eval" "eval" "withVisible" "source" 
1#68 "eval" "eval" "withVisible" "source" 
1#74 "eval" "eval" "withVisible" "source" 
1#76 "eval" "eval" "withVisible" "source" 
1#75 "eval" "eval" "withVisible" "source" 
1#68 "eval" "eval" "withVisible" "source" 
"%%" 1#17 "idx_right" 1#42 "get_nmoved" 1#78 "eval" "eval" "withVisible" "source" 
"%%" 1#22 "idx_up" 1#40 "get_nmoved" 1#71 "eval" "eval" "withVisible" "source" 
"==" 1#67 "eval" "eval" "withVisible" "source" 
1#70 "eval" "eval" "withVisible" "source" 
"+" 1#17 "idx_right" 1#42 "get_nmoved" 1#78 "eval" "eval" "withVisible" "source" 
"%%" 1#22 "idx_up" 1#40 "get_nmoved" 1#71 "eval" "eval" "withVisible" "source" 
1#77 "eval" "eval" "withVisible" "source" 
1#76 "eval" "eval" "withVisible" "source" 
1#70 "$" 1#70 "eval" "eval" "withVisible" "source" 
"%%" 1#22 "idx_up" 1#73 "eval" "eval" "withVisible" "source" 
1#69 "eval" "eval" "withVisible" "source" 
1#75 "eval" "eval" "withVisible" "source" 
"%/%" 1#22 "idx_up" 1#73 "eval" "eval" "withVisible" "source" 
"%%" 1#17 "idx_right" 1#42 "get_nmoved" 1#78 "eval" "eval" "withVisible" "source" 
1#69 "eval" "eval" "withVisible" "source" 
"%%" 1#17 "idx_right" 1#42 "get_nmoved" 1#78 "eval" "eval" "withVisible" "source" 
1#68 "eval" "eval" "withVisible" "source" 
"==" 1#40 "get_nmoved" 1#71 "eval" "eval" "withVisible" "source" 
1#75 "eval" "eval" "withVisible" "source" 
1#68 "eval" "eval" "withVisible" "source" 
1#68 "eval" "eval" "withVisible" "source" 
1#76 "eval" "eval" "withVisible" "source" 
1#76 "eval" "eval" "withVisible" "source" 
"==" 1#67 "eval" "eval" "withVisible" "source" 
1#69 "eval" "eval" "withVisible" "source" 
"!" 1#77 "eval" "eval" "withVisible" "source" 
"%%" 1#17 "idx_right" 1#66 "eval" "eval" "withVisible" "source" 
1#76 "eval" "eval" "withVisible" "source" 
"%/%" 1#22 "idx_up" 1#73 "eval" "eval" "withVisible" "source" 
1#74 "eval" "eval" "withVisible" "source" 
"!" 1#77 "eval" "eval" "withVisible" "source" 
1#70 "eval" "eval" "withVisible" "source" 
1#70 "eval" "eval" "withVisible" "source" 
"%%" 1#22 "idx_up" 1#73 "eval" "eval" "withVisible" "source" 
1#75 "eval" "eval" "withVisible" "source" 
1#69 "eval" "eval" "withVisible" "source" 
"c" 1#70 "eval" "eval" "withVisible" "source" 
1#68 "eval" "eval" "withVisible" "source" 
"==" 1#67 "eval" "eval" "withVisible" "source" 
1#75 "eval" "eval" "withVisible" "source" 
"==" 1#42 "get_nmoved" 1#78 "eval" "eval" "withVisible" "source" 
"%%" 1#22 "idx_up" 1#40 "get_nmoved" 1#71 "eval" "eval" "withVisible" "source" 
"%%" 1#22 "idx_up" 1#73 "eval" "eval" "withVisible" "source" 
1#68 "eval" "eval" "withVisible" "source" 
1#76 "eval" "eval" "withVisible" "source" 
1#76 "eval" "eval" "withVisible" "source" 
1#74 "eval" "eval" "withVisible" "source" 
1#75 "eval" "eval" "withVisible" "source" 
1#67 "eval" "eval" "withVisible" "source" 
"%%" 1#17 "idx_right" 1#66 "eval" "eval" "withVisible" "source" 
1#70 "eval" "eval" "withVisible" "source" 
1#67 "eval" "eval" "withVisible" "source" 
"c" 1#70 "eval" "eval" "withVisible" "source" 
"%%" 1#22 "idx_up" 1#73 "eval" "eval" "withVisible" "source" 
"%%" 1#22 "idx_up" 1#40 "get_nmoved" 1#71 "eval" "eval" "withVisible" "source" 
"c" 1#70 "eval" "eval" "withVisible" "source" 
1#68 "eval" "eval" "withVisible" "source" 
1#75 "eval" "eval" "withVisible" "source" 
1#69 "eval" "eval" "withVisible" "source" 
"%/%" 1#22 "idx_up" 1#73 "eval" "eval" "withVisible" "source" 
"+" 1#17 "idx_right" 1#42 "get_nmoved" 1#78 "eval" "eval" "withVisible" "source" 
1#77 "eval" "eval" "withVisible" "source" 
1#76 "eval" "eval" "withVisible" "source" 
"%%" 1#17 "idx_right" 1#66 "eval" "eval" "withVisible" "source" 
1#74 "eval" "eval" "withVisible" "source" 
"%/%" 1#22 "idx_up" 1#73 "eval" "eval" "withVisible" "source" 
"%%" 1#22 "idx_up" 1#73 "eval" "eval" "withVisible" "source" 
1#77 "eval" "eval" "withVisible" "source" 
1#22 "idx_up" 1#73 "eval" "eval" "withVisible" "source" 
"==" 1#74 "eval" "eval" "withVisible" "source" 
1#78 "eval" "eval" "withVisible" "source" 
1#40 "get_nmoved" 1#71 "eval" "eval" "withVisible" "source" 
1#75 "eval" "eval" "withVisible" "source" 
"%%" 1#22 "idx_up" 1#73 "eval" "eval" "withVisible" "source" 
1#77 "eval" "eval" "withVisible" "source" 
1#69 "eval" "eval" "withVisible" "source" 
1#76 "eval" "eval" "withVisible" "source" 
1#68 "eval" "eval" "withVisible" "source" 
1#68 "eval" "eval" "withVisible" "source" 
"==" 1#42 "get_nmoved" 1#78 "eval" "eval" "withVisible" "source" 
1#75 "eval" "eval" "withVisible" "source" 
"%/%" 1#22 "idx_up" 1#73 "eval" "eval" "withVisible" "source" 
1#76 "eval" "eval" "withVisible" "source" 
1#67 "eval" "eval" "withVisible" "source" 
1#75 "eval" "eval" "withVisible" "source" 
1#75 "eval" "eval" "withVisible" "source" 
1#68 "eval" "eval" "withVisible" "source" 
1#76 "eval" "eval" "withVisible" "source" 
1#75 "eval" "eval" "withVisible" "source" 
1#42 "get_nmoved" 1#78 "eval" "eval" "withVisible" "source" 
"%%" 1#22 "idx_up" 1#40 "get_nmoved" 1#71 "eval" "eval" "withVisible" "source" 
"%/%" 1#22 "idx_up" 1#73 "eval" "eval" "withVisible" "source" 
1#68 "eval" "eval" "withVisible" "source" 
"%%" 1#22 "idx_up" 1#73 "eval" "eval" "withVisible" "source" 
1#75 "eval" "eval" "withVisible" "source" 
"==" 1#67 "eval" "eval" "withVisible" "source" 
1#67 "eval" "eval" "withVisible" "source" 
1#70 "eval" "eval" "withVisible" "source" 
"==" 1#74 "eval" "eval" "withVisible" "source" 
1#75 "eval" "eval" "withVisible" "source" 
1#76 "eval" "eval" "withVisible" "source" 
1#69 "eval" "eval" "withVisible" "source" 
"%%" 1#22 "idx_up" 1#73 "eval" "eval" "withVisible" "source" 
1#68 "eval" "eval" "withVisible" "source" 
1#68 "eval" "eval" "withVisible" "source" 
"%%" 1#17 "idx_right" 1#66 "eval" "eval" "withVisible" "source" 
1#74 "eval" "eval" "withVisible" "source" 
"==" 1#40 "get_nmoved" 1#71 "eval" "eval" "withVisible" "source" 
1#68 "eval" "eval" "withVisible" "source" 
1#76 "eval" "eval" "withVisible" "source" 
1#40 "get_nmoved" 1#71 "eval" "eval" "withVisible" "source" 
1#67 "eval" "eval" "withVisible" "source" 
"%/%" 1#22 "idx_up" 1#73 "eval" "eval" "withVisible" "source" 
"==" 1#39 "get_nmoved" 1#78 "eval" "eval" "withVisible" "source" 
"sum" 1#42 "get_nmoved" 1#78 "eval" "eval" "withVisible" "source" 
1#74 "eval" "eval" "withVisible" "source" 
"+" 1#17 "idx_right" 1#66 "eval" "eval" "withVisible" "source" 
1#75 "eval" "eval" "withVisible" "source" 
1#69 "eval" "eval" "withVisible" "source" 
"c" 1#77 "eval" "eval" "withVisible" "source" 
1#69 "eval" "eval" "withVisible" "source" 
"c" 1#70 "eval" "eval" "withVisible" "source" 
1#42 "get_nmoved" 1#78 "eval" "eval" "withVisible" "source" 
1#76 "eval" "eval" "withVisible" "source" 
1#68 "eval" "eval" "withVisible" "source" 
1#68 "eval" "eval" "withVisible" "source" 
1#67 "$" 1#67 "eval" "eval" "withVisible" "source" 
1#42 "get_nmoved" 1#78 "eval" "eval" "withVisible" "source" 
1#68 "eval" "eval" "withVisible" "source" 
1#40 "get_nmoved" 1#71 "eval" "eval" "withVisible" "source" 
1#69 "eval" "eval" "withVisible" "source" 
1#40 "get_nmoved" 1#71 "eval" "eval" "withVisible" "source" 
1#68 "eval" "eval" "withVisible" "source" 
1#69 "eval" "eval" "withVisible" "source" 
1#71 "get_nmoved" 1#71 "eval" "eval" "withVisible" "source" 
"%/%" 1#22 "idx_up" 1#40 "get_nmoved" 1#71 "eval" "eval" "withVisible" "source" 
"==" 1#67 "eval" "eval" "withVisible" "source" 
1#76 "eval" "eval" "withVisible" "source" 
1#75 "eval" "eval" "withVisible" "source" 
1#75 "eval" "eval" "withVisible" "source" 
"%/%" 1#22 "idx_up" 1#40 "get_nmoved" 1#71 "eval" "eval" "withVisible" "source" 
1#69 "eval" "eval" "withVisible" "source" 
1#68 "$<-" 1#68 "eval" "eval" "withVisible" "source" 
1#76 "eval" "eval" "withVisible" "source" 
1#74 "eval" "eval" "withVisible" "source" 
1#75 "eval" "eval" "withVisible" "source" 
1#77 "eval" "eval" "withVisible" "source" 
"==" 1#42 "get_nmoved" 1#78 "eval" "eval" "withVisible" "source" 
"%%" 1#22 "idx_up" 1#40 "get_nmoved" 1#71 "eval" "eval" "withVisible" "source" 
1#78 "eval" "eval" "withVisible" "source" 
1#17 "idx_right" 1#42 "get_nmoved" 1#78 "eval" "eval" "withVisible" "source" 
1#75 "eval" "eval" "withVisible" "source" 
1#69 "eval" "eval" "withVisible" "source" 
"%/%" 1#22 "idx_up" 1#40 "get_nmoved" 1#71 "eval" "eval" "withVisible" "source" 
"%%" 1#22 "idx_up" 1#73 "eval" "eval" "withVisible" "source" 
1#67 "eval" "eval" "withVisible" "source" 
"%%" 1#17 "idx_right" 1#66 "eval" "eval" "withVisible" "source" 
1#68 "$" 1#68 "eval" "eval" "withVisible" "source" 
1#75 "eval" "eval" "withVisible" "source" 
1#74 "eval" "eval" "withVisible" "source" 
1#67 "$" 1#67 "eval" "eval" "withVisible" "source" 
"==" 1#67 "eval" "eval" "withVisible" "source" 
1#74 "eval" "eval" "withVisible" "source" 
1#42 "get_nmoved" 1#78 "eval" "eval" "withVisible" "source" 
1#69 "eval" "eval" "withVisible" "source" 
1#68 "eval" "eval" "withVisible" "source" 
1#40 "get_nmoved" 1#71 "eval" "eval" "withVisible" "source" 
1#74 "eval" "eval" "withVisible" "source" 
"%%" 1#17 "idx_right" 1#42 "get_nmoved" 1#78 "eval" "eval" "withVisible" "source" 
1#74 "eval" "eval" "withVisible" "source" 
1#77 "eval" "eval" "withVisible" "source" 
1#42 "get_nmoved" 1#78 "eval" "eval" "withVisible" "source" 
1#69 "eval" "eval" "withVisible" "source" 
"%%" 1#22 "idx_up" 1#40 "get_nmoved" 1#71 "eval" "eval" "withVisible" "source" 
1#74 "eval" "eval" "withVisible" "source" 
1#70 "eval" "eval" "withVisible" "source" 
1#75 "eval" "eval" "withVisible" "source" 
1#69 "eval" "eval" "withVisible" "source" 
1#69 "eval" "eval" "withVisible" "source" 
"%%" 1#22 "idx_up" 1#40 "get_nmoved" 1#71 "eval" "eval" "withVisible" "source" 
1#74 "eval" "eval" "withVisible" "source" 
1#68 "eval" "eval" "withVisible" "source" 
1#75 "eval" "eval" "withVisible" "source" 
1#76 "eval" "eval" "withVisible" "source" 
1#76 "eval" "eval" "withVisible" "source" 
1#68 "eval" "eval" "withVisible" "source" 
"%%" 1#22 "idx_up" 1#40 "get_nmoved" 1#71 "eval" "eval" "withVisible" "source" 
1#69 "eval" "eval" "withVisible" "source" 
1#42 "get_nmoved" 1#78 "eval" "eval" "withVisible" "source" 
"%/%" 1#22 "idx_up" 1#40 "get_nmoved" 1#71 "eval" "eval" "withVisible" "source" 
1#68 "eval" "eval" "withVisible" "source" 
1#42 "get_nmoved" 1#78 "eval" "eval" "withVisible" "source" 
"==" 1#67 "eval" "eval" "withVisible" "source" 
1#77 "eval" "eval" "withVisible" "source" 
"%%" 1#22 "idx_up" 1#73 "eval" "eval" "withVisible" "source" 
1#76 "eval" "eval" "withVisible" "source" 
1#75 "eval" "eval" "withVisible" "source" 
1#75 "eval" "eval" "withVisible" "source" 
1#75 "eval" "eval" "withVisible" "source" 
1#76 "eval" "eval" "withVisible" "source" 
1#22 "idx_up" 1#40 "get_nmoved" 1#71 "eval" "eval" "withVisible" "source" 
1#67 "eval" "eval" "withVisible" "source" 
1#74 "eval" "eval" "withVisible" "source" 
1#75 "eval" "eval" "withVisible" "source" 
1#75 "eval" "eval" "withVisible" "source" 
1#76 "eval" "eval" "withVisible" "source" 
"%%" 1#22 "idx_up" 1#40 "get_nmoved" 1#71 "eval" "eval" "withVisible" "source" 
"==" 1#74 "eval" "eval" "withVisible" "source" 
1#80 "eval" "eval" "withVisible" "source" 
"%%" 1#22 "idx_up" 1#73 "eval" "eval" "withVisible" "source" 
1#75 "eval" "eval" "withVisible" "source" 
1#74 "eval" "eval" "withVisible" "source" 
1#75 "eval" "eval" "withVisible" "source" 
1#69 "eval" "eval" "withVisible" "source" 
1#70 "eval" "eval" "withVisible" "source" 
1#69 "eval" "eval" "withVisible" "source" 
1#75 "eval" "eval" "withVisible" "source" 
1#68 "eval" "eval" "withVisible" "source" 
"%%" 1#17 "idx_right" 1#42 "get_nmoved" 1#78 "eval" "eval" "withVisible" "source" 
1#68 "$" 1#68 "eval" "eval" "withVisible" "source" 
"*" 1#22 "idx_up" 1#40 "get_nmoved" 1#71 "eval" "eval" "withVisible" "source" 
1#68 "eval" "eval" "withVisible" "source" 
1#40 "get_nmoved" 1#71 "eval" "eval" "withVisible" "source" 
1#68 "eval" "eval" "withVisible" "source" 
"%%" 1#22 "idx_up" 1#40 "get_nmoved" 1#71 "eval" "eval" "withVisible" "source" 
1#76 "eval" "eval" "withVisible" "source" 
1#40 "get_nmoved" 1#71 "eval" "eval" "withVisible" "source" 
1#77 "eval" "eval" "withVisible" "source" 
1#75 "eval" "eval" "withVisible" "source" 
"==" 1#42 "get_nmoved" 1#78 "eval" "eval" "withVisible" "source" 
"==" 1#42 "get_nmoved" 1#78 "eval" "eval" "withVisible" "source" 
1#66 "eval" "eval" "withVisible" "source" 
1#68 "eval" "eval" "withVisible" "source" 
1#76 "eval" "eval" "withVisible" "source" 
1#40 "get_nmoved" 1#71 "eval" "eval" "withVisible" "source" 
1#69 "eval" "eval" "withVisible" "source" 
1#67 "eval" "eval" "withVisible" "source" 
1#76 "eval" "eval" "withVisible" "source" 
"%%" 1#22 "idx_up" 1#73 "eval" "eval" "withVisible" "source" 
1#78 "get_nmoved" 1#78 "eval" "eval" "withVisible" "source" 
"==" 1#74 "eval" "eval" "withVisible" "source" 
1#68 "eval" "eval" "withVisible" "source" 
"==" 1#74 "eval" "eval" "withVisible" "source" 
"%%" 1#22 "idx_up" 1#73 "eval" "eval" "withVisible" "source" 
1#40 "get_nmoved" 1#71 "eval" "eval" "withVisible" "source" 
"%%" 1#22 "idx_up" 1#73 "eval" "eval" "withVisible" "source" 
"==" 1#42 "get_nmoved" 1#78 "eval" "eval" "withVisible" "source" 
1#76 "eval" "eval" "withVisible" "source" 
"==" 1#42 "get_nmoved" 1#78 "eval" "eval" "withVisible" "source" 
1#40 "get_nmoved" 1#71 "eval" "eval" "withVisible" "source" 
1#42 "get_nmoved" 1#78 "eval" "eval" "withVisible" "source" 
1#74 "$" 1#74 "eval" "eval" "withVisible" "source" 
"==" 1#42 "get_nmoved" 1#78 "eval" "eval" "withVisible" "source" 
1#74 "eval" "eval" "withVisible" "source" 
"%/%" 1#22 "idx_up" 1#73 "eval" "eval" "withVisible" "source" 
1#22 "idx_up" 1#73 "eval" "eval" "withVisible" "source" 
1#40 "get_nmoved" 1#71 "eval" "eval" "withVisible" "source" 
1#22 "$" 1#22 "idx_up" 1#73 "eval" "eval" "withVisible" "source" 
1#75 "eval" "eval" "withVisible" "source" 
"+" 1#17 "idx_right" 1#66 "eval" "eval" "withVisible" "source" 
"==" 1#67 "eval" "eval" "withVisible" "source" 
1#69 "eval" "eval" "withVisible" "source" 
1#68 "eval" "eval" "withVisible" "source" 
1#69 "eval" "eval" "withVisible" "source" 
1#40 "get_nmoved" 1#71 "eval" "eval" "withVisible" "source" 
1#74 "eval" "eval" "withVisible" "source" 
"==" 1#67 "eval" "eval" "withVisible" "source" 
1#75 "eval" "eval" "withVisible" "source" 
1#76 "eval" "eval" "withVisible" "source" 
"%%" 1#17 "idx_right" 1#42 "get_nmoved" 1#78 "eval" "eval" "withVisible" "source" 
1#75 "eval" "eval" "withVisible" "source" 
1#42 "get_nmoved" 1#78 "eval" "eval" "withVisible" "source" 
1#76 "eval" "eval" "withVisible" "source" 
"%%" 1#22 "idx_up" 1#40 "get_nmoved" 1#71 "eval" "eval" "withVisible" "source" 
1#75 "eval" "eval" "withVisible" "source" 
1#75 "eval" "eval" "withVisible" "source" 
"+" 1#22 "idx_up" 1#73 "eval" "eval" "withVisible" "source" 
"%%" 1#17 "idx_right" 1#42 "get_nmoved" 1#78 "eval" "eval" "withVisible" "source" 
"%%" 1#22 "idx_up" 1#40 "get_nmoved" 1#71 "eval" "eval" "withVisible" "source" 
1#40 "get_nmoved" 1#71 "eval" "eval" "withVisible" "source" 
"==" 1#74 "eval" "eval" "withVisible" "source" 
1#75 "eval" "eval" "withVisible" "source" 
1#68 "eval" "eval" "withVisible" "source" 
"%%" 1#22 "idx_up" 1#73 "eval" "eval" "withVisible" "source" 
"%/%" 1#22 "idx_up" 1#73 "eval" "eval" "withVisible" "source" 
1#75 "eval" "eval" "withVisible" "source" 
1#69 "eval" "eval" "withVisible" "source" 
1#68 "eval" "eval" "withVisible" "source" 
1#42 "get_nmoved" 1#78 "eval" "eval" "withVisible" "source" 
1#69 "eval" "eval" "withVisible" "source" 
1#69 "eval" "eval" "withVisible" "source" 
1#74 "eval" "eval" "withVisible" "source" 
"==" 1#40 "get_nmoved" 1#71 "eval" "eval" "withVisible" "source" 
1#75 "eval" "eval" "withVisible" "source" 
1#42 "get_nmoved" 1#78 "eval" "eval" "withVisible" "source" 
"c" 1#77 "eval" "eval" "withVisible" "source" 
1#76 "eval" "eval" "withVisible" "source" 
"==" 1#40 "get_nmoved" 1#71 "eval" "eval" "withVisible" "source" 
1#42 "sum" 1#42 "get_nmoved" 1#78 "eval" "eval" "withVisible" "source" 
"%%" 1#22 "idx_up" 1#40 "get_nmoved" 1#71 "eval" "eval" "withVisible" "source" 
"%%" 1#22 "idx_up" 1#73 "eval" "eval" "withVisible" "source" 
"%%" 1#17 "idx_right" 1#66 "eval" "eval" "withVisible" "source" 
1#75 "eval" "eval" "withVisible" "source" 
1#75 "eval" "eval" "withVisible" "source" 
1#68 "eval" "eval" "withVisible" "source" 
1#75 "eval" "eval" "withVisible" "source" 
"==" 1#67 "eval" "eval" "withVisible" "source" 
"%%" 1#17 "idx_right" 1#42 "get_nmoved" 1#78 "eval" "eval" "withVisible" "source" 
"%/%" 1#22 "idx_up" 1#73 "eval" "eval" "withVisible" "source" 
1#74 "eval" "eval" "withVisible" "source" 
1#76 "eval" "eval" "withVisible" "source" 
1#42 "get_nmoved" 1#78 "eval" "eval" "withVisible" "source" 
1#42 "get_nmoved" 1#78 "eval" "eval" "withVisible" "source" 
1#68 "eval" "eval" "withVisible" "source" 
"%%" 1#17 "idx_right" 1#42 "get_nmoved" 1#78 "eval" "eval" "withVisible" "source" 
1#69 "eval" "eval" "withVisible" "source" 
1#76 "eval" "eval" "withVisible" "source" 
1#67 "eval" "eval" "withVisible" "source" 
1#75 "eval" "eval" "withVisible" "source" 
1#65 "eval" "eval" "withVisible" "source" 
1#76 "eval" "eval" "withVisible" "source" 
1#74 "$" 1#74 "eval" "eval" "withVisible" "source" 
"%%" 1#22 "idx_up" 1#73 "eval" "eval" "withVisible" "source" 
"%%" 1#22 "idx_up" 1#40 "get_nmoved" 1#71 "eval" "eval" "withVisible" "source" 
1#69 "eval" "eval" "withVisible" "source" 
"%%" 1#22 "idx_up" 1#40 "get_nmoved" 1#71 "eval" "eval" "withVisible" "source" 
1#17 "idx_right" 1#66 "eval" "eval" "withVisible" "source" 
"%/%" 1#22 "idx_up" 1#73 "eval" "eval" "withVisible" "source" 
"==" 1#40 "get_nmoved" 1#71 "eval" "eval" "withVisible" "source" 
"%%" 1#22 "idx_up" 1#73 "eval" "eval" "withVisible" "source" 
1#67 "eval" "eval" "withVisible" "source" 
1#42 "get_nmoved" 1#78 "eval" "eval" "withVisible" "source" 
1#68 "eval" "eval" "withVisible" "source" 
1#70 "eval" "eval" "withVisible" "source" 
1#77 "eval" "eval" "withVisible" "source" 
1#17 "idx_right" 1#42 "get_nmoved" 1#78 "eval" "eval" "withVisible" "source" 
1#76 "eval" "eval" "withVisible" "source" 
1#69 "eval" "eval" "withVisible" "source" 
1#75 "eval" "eval" "withVisible" "source" 
"%/%" 1#22 "idx_up" 1#73 "eval" "eval" "withVisible" "source" 
1#69 "eval" "eval" "withVisible" "source" 
"+" 1#17 "idx_right" 1#66 "eval" "eval" "withVisible" "source" 
1#76 "eval" "eval" "withVisible" "source" 
1#67 "eval" "eval" "withVisible" "source" 
1#75 "eval" "eval" "withVisible" "source" 
"==" 1#42 "get_nmoved" 1#78 "eval" "eval" "withVisible" "source" 
1#42 "get_nmoved" 1#78 "eval" "eval" "withVisible" "source" 
1#68 "eval" "eval" "withVisible" "source" 
1#75 "eval" "eval" "withVisible" "source" 
1#69 "eval" "eval" "withVisible" "source" 
1#67 "eval" "eval" "withVisible" "source" 
1#74 "eval" "eval" "withVisible" "source" 
1#68 "eval" "eval" "withVisible" "source" 
1#67 "eval" "eval" "withVisible" "source" 
1#77 "eval" "eval" "withVisible" "source" 
"%%" 1#22 "idx_up" 1#73 "eval" "eval" "withVisible" "source" 
1#75 "eval" "eval" "withVisible" "source" 
1#74 "eval" "eval" "withVisible" "source" 
1#69 "eval" "eval" "withVisible" "source" 
1#75 "eval" "eval" "withVisible" "source" 
"%%" 1#22 "idx_up" 1#40 "get_nmoved" 1#71 "eval" "eval" "withVisible" "source" 
"%%" 1#22 "idx_up" 1#73 "eval" "eval" "withVisible" "source" 
"%%" 1#22 "idx_up" 1#40 "get_nmoved" 1#71 "eval" "eval" "withVisible" "source" 
1#77 "eval" "eval" "withVisible" "source" 
"%%" 1#17 "idx_right" 1#42 "get_nmoved" 1#78 "eval" "eval" "withVisible" "source" 
1#76 "eval" "eval" "withVisible" "source" 
1#40 "idx_up" 1#40 "get_nmoved" 1#71 "eval" "eval" "withVisible" "source" 
"-" 1#17 "idx_right" 1#42 "get_nmoved" 1#78 "eval" "eval" "withVisible" "source" 
1#69 "eval" "eval" "withVisible" "source" 
1#42 "get_nmoved" 1#78 "eval" "eval" "withVisible" "source" 
1#40 "$" 1#40 "get_nmoved" 1#71 "eval" "eval" "withVisible" "source" 
1#76 "eval" "eval" "withVisible" "source" 
1#67 "eval" "eval" "withVisible" "source" 
"==" 1#40 "get_nmoved" 1#71 "eval" "eval" "withVisible" "source" 
1#67 "eval" "eval" "withVisible" "source" 
1#76 "eval" "eval" "withVisible" "source" 
1#75 "eval" "eval" "withVisible" "source" 
1#69 "eval" "eval" "withVisible" "source" 
1#68 "eval" "eval" "withVisible" "source" 
"==" 1#42 "get_nmoved" 1#78 "eval" "eval" "withVisible" "source" 
1#68 "eval" "eval" "withVisible" "source" 
1#68 "eval" "eval" "withVisible" "source" 
1#69 "eval" "eval" "withVisible" "source" 
1#71 "get_nmoved" 1#71 "eval" "eval" "withVisible" "source" 
1#69 "eval" "eval" "withVisible" "source" 
1#22 "idx_up" 1#73 "eval" "eval" "withVisible" "source" 
"%%" 1#22 "idx_up" 1#73 "eval" "eval" "withVisible" "source" 
1#75 "eval" "eval" "withVisible" "source" 
"%/%" 1#22 "idx_up" 1#73 "eval" "eval" "withVisible" "source" 
1#75 "eval" "eval" "withVisible" "source" 
1#76 "eval" "eval" "withVisible" "source" 
1#76 "eval" "eval" "withVisible" "source" 
1#75 "eval" "eval" "withVisible" "source" 
"%/%" 1#22 "idx_up" 1#40 "get_nmoved" 1#71 "eval" "eval" "withVisible" "source" 
"%%" 1#17 "idx_right" 1#42 "get_nmoved" 1#78 "eval" "eval" "withVisible" "source" 
"%%" 1#22 "idx_up" 1#73 "eval" "eval" "withVisible" "source" 
"%/%" 1#22 "idx_up" 1#73 "eval" "eval" "withVisible" "source" 
"(" 1#17 "idx_right" 1#66 "eval" "eval" "withVisible" "source" 
"%%" 1#22 "idx_up" 1#73 "eval" "eval" "withVisible" "source" 
"%%" 1#17 "idx_right" 1#66 "eval" "eval" "withVisible" "source" 
1#69 "eval" "eval" "withVisible" "source" 
1#76 "eval" "eval" "withVisible" "source" 
"%%" 1#22 "idx_up" 1#73 "eval" "eval" "withVisible" "source" 
1#77 "eval" "eval" "withVisible" "source" 
1#67 "eval" "eval" "withVisible" "source" 
1#75 "eval" "eval" "withVisible" "source" 
1#69 "eval" "eval" "withVisible" "source" 
"%%" 1#22 "idx_up" 1#73 "eval" "eval" "withVisible" "source" 
1#40 "get_nmoved" 1#71 "eval" "eval" "withVisible" "source" 
1#22 "$" 1#22 "idx_up" 1#73 "eval" "eval" "withVisible" "source" 
1#42 "get_nmoved" 1#78 "eval" "eval" "withVisible" "source" 
"%%" 1#22 "idx_up" 1#40 "get_nmoved" 1#71 "eval" "eval" "withVisible" "source" 
1#67 "eval" "eval" "withVisible" "source" 
"%%" 1#22 "idx_up" 1#40 "get_nmoved" 1#71 "eval" "eval" "withVisible" "source" 
1#76 "eval" "eval" "withVisible" "source" 
1#69 "eval" "eval" "withVisible" "source" 
1#76 "$" 1#76 "eval" "eval" "withVisible" "source" 
"%%" 1#17 "idx_right" 1#66 "eval" "eval" "withVisible" "source" 
1#69 "eval" "eval" "withVisible" "source" 
1#68 "eval" "eval" "withVisible" "source" 
1#40 "get_nmoved" 1#71 "eval" "eval" "withVisible" "source" 
"==" 1#74 "eval" "eval" "withVisible" "source" 
"%%" 1#22 "idx_up" 1#73 "eval" "eval" "withVisible" "source" 
"%/%" 1#22 "idx_up" 1#40 "get_nmoved" 1#71 "eval" "eval" "withVisible" "source" 
1#75 "eval" "eval" "withVisible" "source" 
1#74 "eval" "eval" "withVisible" "source" 
1#22 "idx_up" 1#40 "get_nmoved" 1#71 "eval" "eval" "withVisible" "source" 
"%%" 1#17 "idx_right" 1#42 "get_nmoved" 1#78 "eval" "eval" "withVisible" "source" 
1#74 "eval" "eval" "withVisible" "source" 
"%%" 1#22 "idx_up" 1#73 "eval" "eval" "withVisible" "source" 
1#75 "eval" "eval" "withVisible" "source" 
1#77 "eval" "eval" "withVisible" "source" 
1#77 "eval" "eval" "withVisible" "source" 
1#68 "eval" "eval" "withVisible" "source" 
1#68 "eval" "eval" "withVisible" "source" 
1#40 "get_nmoved" 1#71 "eval" "eval" "withVisible" "source" 
1#68 "eval" "eval" "withVisible" "source" 
"c" 1#77 "eval" "eval" "withVisible" "source" 
"==" 1#67 "eval" "eval" "withVisible" "source" 
"%%" 1#17 "idx_right" 1#66 "eval" "eval" "withVisible" "source" 
1#68 "eval" "eval" "withVisible" "source" 
1#76 "eval" "eval" "withVisible" "source" 
"%/%" 1#22 "idx_up" 1#40 "get_nmoved" 1#71 "eval" "eval" "withVisible" "source" 
"%%" 1#22 "idx_up" 1#73 "eval" "eval" "withVisible" "source" 
1#68 "eval" "eval" "withVisible" "source" 
1#78 "eval" "eval" "withVisible" "source" 
1#68 "eval" "eval" "withVisible" "source" 
"%%" 1#22 "idx_up" 1#73 "eval" "eval" "withVisible" "source" 
1#40 "get_nmoved" 1#71 "eval" "eval" "withVisible" "source" 
1#69 "eval" "eval" "withVisible" "source" 
"%%" 1#17 "idx_right" 1#66 "eval" "eval" "withVisible" "source" 
1#76 "eval" "eval" "withVisible" "source" 
1#76 "eval" "eval" "withVisible" "source" 
"==" 1#42 "get_nmoved" 1#78 "eval" "eval" "withVisible" "source" 
"%/%" 1#22 "idx_up" 1#73 "eval" "eval" "withVisible" "source" 
"==" 1#42 "get_nmoved" 1#78 "eval" "eval" "withVisible" "source" 
"!" 1#77 "eval" "eval" "withVisible" "source" 
1#68 "eval" "eval" "withVisible" "source" 
1#76 "eval" "eval" "withVisible" "source" 
1#75 "eval" "eval" "withVisible" "source" 
1#22 "idx_up" 1#73 "eval" "eval" "withVisible" "source" 
1#67 "eval" "eval" "withVisible" "source" 
1#69 "eval" "eval" "withVisible" "source" 
"==" 1#40 "get_nmoved" 1#71 "eval" "eval" "withVisible" "source" 
"==" 1#67 "eval" "eval" "withVisible" "source" 
"==" 1#67 "eval" "eval" "withVisible" "source" 
1#76 "eval" "eval" "withVisible" "source" 
1#76 "eval" "eval" "withVisible" "source" 
1#40 "get_nmoved" 1#71 "eval" "eval" "withVisible" "source" 
1#76 "eval" "eval" "withVisible" "source" 
"==" 1#42 "get_nmoved" 1#78 "eval" "eval" "withVisible" "source" 
1#76 "eval" "eval" "withVisible" "source" 
1#68 "eval" "eval" "withVisible" "source" 
1#67 "eval" "eval" "withVisible" "source" 
1#68 "eval" "eval" "withVisible" "source" 
1#76 "eval" "eval" "withVisible" "source" 
1#68 "eval" "eval" "withVisible" "source" 
1#75 "eval" "eval" "withVisible" "source" 
"==" 1#74 "eval" "eval" "withVisible" "source" 
"==" 1#42 "get_nmoved" 1#78 "eval" "eval" "withVisible" "source" 
1#42 "get_nmoved" 1#78 "eval" "eval" "withVisible" "source" 
"%/%" 1#22 "idx_up" 1#73 "eval" "eval" "withVisible" "source" 
1#68 "eval" "eval" "withVisible" "source" 
1#69 "eval" "eval" "withVisible" "source" 
1#40 "get_nmoved" 1#71 "eval" "eval" "withVisible" "source" 
"-" 1#22 "idx_up" 1#73 "eval" "eval" "withVisible" "source" 
1#77 "eval" "eval" "withVisible" "source" 
1#74 "eval" "eval" "withVisible" "source" 
1#40 "get_nmoved" 1#71 "eval" "eval" "withVisible" "source" 
"%%" 1#22 "idx_up" 1#40 "get_nmoved" 1#71 "eval" "eval" "withVisible" "source" 
"==" 1#74 "eval" "eval" "withVisible" "source" 
"==" 1#74 "eval" "eval" "withVisible" "source" 
1#70 "eval" "eval" "withVisible" "source" 
1#77 "eval" "eval" "withVisible" "source" 
"%/%" 1#22 "idx_up" 1#40 "get_nmoved" 1#71 "eval" "eval" "withVisible" "source" 
1#70 "eval" "eval" "withVisible" "source" 
1#75 "eval" "eval" "withVisible" "source" 
1#69 "eval" "eval" "withVisible" "source" 
1#40 "get_nmoved" 1#71 "eval" "eval" "withVisible" "source" 
1#22 "idx_up" 1#73 "eval" "eval" "withVisible" "source" 
"%%" 1#22 "idx_up" 1#73 "eval" "eval" "withVisible" "source" 
"%/%" 1#22 "idx_up" 1#73 "eval" "eval" "withVisible" "source" 
1#69 "eval" "eval" "withVisible" "source" 
1#69 "eval" "eval" "withVisible" "source" 
1#69 "eval" "eval" "withVisible" "source" 
1#74 "eval" "eval" "withVisible" "source" 
1#42 "get_nmoved" 1#78 "eval" "eval" "withVisible" "source" 
"%%" 1#22 "idx_up" 1#73 "eval" "eval" "withVisible" "source" 
"%/%" 1#22 "idx_up" 1#40 "get_nmoved" 1#71 "eval" "eval" "withVisible" "source" 
1#42 "get_nmoved" 1#78 "eval" "eval" "withVisible" "source" 
1#39 "get_nmoved" 1#78 "eval" "eval" "withVisible" "source" 
"!" 1#70 "eval" "eval" "withVisible" "source" 
1#75 "eval" "eval" "withVisible" "source" 
1#40 "get_nmoved" 1#71 "eval" "eval" "withVisible" "source" 
1#75 "eval" "eval" "withVisible" "source" 
1#68 "eval" "eval" "withVisible" "source" 
"+" 1#17 "idx_right" 1#42 "get_nmoved" 1#78 "eval" "eval" "withVisible" "source" 
1#77 "eval" "eval" "withVisible" "source" 
1#66 "eval" "eval" "withVisible" "source" 
1#77 "eval" "eval" "withVisible" "source" 
1#40 "get_nmoved" 1#71 "eval" "eval" "withVisible" "source" 
"%/%" 1#22 "idx_up" 1#73 "eval" "eval" "withVisible" "source" 
1#69 "eval" "eval" "withVisible" "source" 
1#70 "eval" "eval" "withVisible" "source" 
1#68 "eval" "eval" "withVisible" "source" 
1#75 "eval" "eval" "withVisible" "source" 
1#40 "get_nmoved" 1#71 "eval" "eval" "withVisible" "source" 
1#68 "eval" "eval" "withVisible" "source" 
1#17 "$" 1#17 "idx_right" 1#66 "eval" "eval" "withVisible" "source" 
"==" 1#42 "get_nmoved" 1#78 "eval" "eval" "withVisible" "source" 
1#68 "eval" "eval" "withVisible" "source" 
1#68 "eval" "eval" "withVisible" "source" 
1#77 "eval" "eval" "withVisible" "source" 
1#70 "eval" "eval" "withVisible" "source" 
"%%" 1#22 "idx_up" 1#73 "eval" "eval" "withVisible" "source" 
1#69 "eval" "eval" "withVisible" "source" 
1#69 "eval" "eval" "withVisible" "source" 
"==" 1#74 "eval" "eval" "withVisible" "source" 
1#40 "get_nmoved" 1#71 "eval" "eval" "withVisible" "source" 
"%%" 1#22 "idx_up" 1#73 "eval" "eval" "withVisible" "source" 
1#68 "eval" "eval" "withVisible" "source" 
1#76 "eval" "eval" "withVisible" "source" 
"%%" 1#22 "idx_up" 1#73 "eval" "eval" "withVisible" "source" 
1#75 "eval" "eval" "withVisible" "source" 
1#75 "eval" "eval" "withVisible" "source" 
1#68 "eval" "eval" "withVisible" "source" 
1#77 "eval" "eval" "withVisible" "source" 
1#42 "get_nmoved" 1#78 "eval" "eval" "withVisible" "source" 
"==" 1#42 "get_nmoved" 1#78 "eval" "eval" "withVisible" "source" 
1#68 "eval" "eval" "withVisible" "source" 
1#42 "get_nmoved" 1#78 "eval" "eval" "withVisible" "source" 
1#68 "eval" "eval" "withVisible" "source" 
1#69 "eval" "eval" "withVisible" "source" 
1#69 "eval" "eval" "withVisible" "source" 
1#42 "get_nmoved" 1#78 "eval" "eval" "withVisible" "source" 
1#76 "eval" "eval" "withVisible" "source" 
"==" 1#40 "get_nmoved" 1#71 "eval" "eval" "withVisible" "source" 
1#76 "eval" "eval" "withVisible" "source" 
"c" 1#77 "eval" "eval" "withVisible" "source" 
1#76 "eval" "eval" "withVisible" "source" 
"%/%" 1#22 "idx_up" 1#40 "get_nmoved" 1#71 "eval" "eval" "withVisible" "source" 
"%%" 1#22 "idx_up" 1#40 "get_nmoved" 1#71 "eval" "eval" "withVisible" "source" 
"%%" 1#17 "idx_right" 1#66 "eval" "eval" "withVisible" "source" 
"%%" 1#22 "idx_up" 1#40 "get_nmoved" 1#71 "eval" "eval" "withVisible" "source" 
1#42 "get_nmoved" 1#78 "eval" "eval" "withVisible" "source" 
1#69 "eval" "eval" "withVisible" "source" 
1#67 "eval" "eval" "withVisible" "source" 
"+" 1#22 "idx_up" 1#73 "eval" "eval" "withVisible" "source" 
"!" 1#70 "eval" "eval" "withVisible" "source" 
1#40 "get_nmoved" 1#71 "eval" "eval" "withVisible" "source" 
1#77 "eval" "eval" "withVisible" "source" 
1#75 "eval" "eval" "withVisible" "source" 
1#68 "eval" "eval" "withVisible" "source" 
"==" 1#42 "get_nmoved" 1#78 "eval" "eval" "withVisible" "source" 
1#69 "eval" "eval" "withVisible" "source" 
1#69 "eval" "eval" "withVisible" "source" 
1#40 "get_nmoved" 1#71 "eval" "eval" "withVisible" "source" 
1#76 "eval" "eval" "withVisible" "source" 
"%/%" 1#22 "idx_up" 1#73 "eval" "eval" "withVisible" "source" 
1#76 "eval" "eval" "withVisible" "source" 
"%/%" 1#22 "idx_up" 1#40 "get_nmoved" 1#71 "eval" "eval" "withVisible" "source" 
1#67 "eval" "eval" "withVisible" "source" 
"%%" 1#22 "idx_up" 1#40 "get_nmoved" 1#71 "eval" "eval" "withVisible" "source" 
"%%" 1#22 "idx_up" 1#73 "eval" "eval" "withVisible" "source" 
"%/%" 1#22 "idx_up" 1#73 "eval" "eval" "withVisible" "source" 
1#69 "eval" "eval" "withVisible" "source" 
"+" 1#22 "idx_up" 1#40 "get_nmoved" 1#71 "eval" "eval" "withVisible" "source" 
"%%" 1#17 "idx_right" 1#66 "eval" "eval" "withVisible" "source" 
"%/%" 1#22 "idx_up" 1#40 "get_nmoved" 1#71 "eval" "eval" "withVisible" "source" 
1#75 "eval" "eval" "withVisible" "source" 
"%%" 1#17 "idx_right" 1#42 "get_nmoved" 1#78 "eval" "eval" "withVisible" "source" 
1#42 "get_nmoved" 1#78 "eval" "eval" "withVisible" "source" 
1#77 "eval" "eval" "withVisible" "source" 
1#68 "eval" "eval" "withVisible" "source" 
"%%" 1#17 "idx_right" 1#66 "eval" "eval" "withVisible" "source" 
1#68 "eval" "eval" "withVisible" "source" 
"==" 1#40 "get_nmoved" 1#71 "eval" "eval" "withVisible" "source" 
"==" 1#67 "eval" "eval" "withVisible" "source" 
"==" 1#39 "get_nmoved" 1#71 "eval" "eval" "withVisible" "source" 
"%%" 1#17 "idx_right" 1#42 "get_nmoved" 1#78 "eval" "eval" "withVisible" "source" 
"==" 1#74 "eval" "eval" "withVisible" "source" 
"==" 1#74 "eval" "eval" "withVisible" "source" 
1#67 "eval" "eval" "withVisible" "source" 
1#69 "eval" "eval" "withVisible" "source" 
"%/%" 1#22 "idx_up" 1#40 "get_nmoved" 1#71 "eval" "eval" "withVisible" "source" 
1#75 "eval" "eval" "withVisible" "source" 
1#76 "eval" "eval" "withVisible" "source" 
1#76 "eval" "eval" "withVisible" "source" 
1#76 "eval" "eval" "withVisible" "source" 
"%%" 1#22 "idx_up" 1#40 "get_nmoved" 1#71 "eval" "eval" "withVisible" "source" 
"%%" 1#22 "idx_up" 1#73 "eval" "eval" "withVisible" "source" 
1#75 "eval" "eval" "withVisible" "source" 
1#75 "eval" "eval" "withVisible" "source" 
1#76 "eval" "eval" "withVisible" "source" 
"%%" 1#17 "idx_right" 1#42 "get_nmoved" 1#78 "eval" "eval" "withVisible" "source" 
1#68 "eval" "eval" "withVisible" "source" 
1#70 "eval" "eval" "withVisible" "source" 
"%/%" 1#22 "idx_up" 1#73 "eval" "eval" "withVisible" "source" 
"==" 1#67 "eval" "eval" "withVisible" "source" 
1#66 "idx_right" 1#66 "eval" "eval" "withVisible" "source" 
"%%" 1#17 "idx_right" 1#42 "get_nmoved" 1#78 "eval" "eval" "withVisible" "source" 
1#68 "eval" "eval" "withVisible" "source" 
1#42 "get_nmoved" 1#78 "eval" "eval" "withVisible" "source" 
"==" 1#67 "eval" "eval" "withVisible" "source" 
1#75 "eval" "eval" "withVisible" "source" 
1#69 "eval" "eval" "withVisible" "source" 
1#69 "eval" "eval" "withVisible" "source" 
"%%" 1#22 "idx_up" 1#40 "get_nmoved" 1#71 "eval" "eval" "withVisible" "source" 
"==" 1#42 "get_nmoved" 1#78 "eval" "eval" "withVisible" "source" 
1#40 "get_nmoved" 1#71 "eval" "eval" "withVisible" "source" 
1#68 "eval" "eval" "withVisible" "source" 
"c" 1#77 "eval" "eval" "withVisible" "source" 
1#75 "eval" "eval" "withVisible" "source" 
1#76 "eval" "eval" "withVisible" "source" 
"%%" 1#17 "idx_right" 1#66 "eval" "eval" "withVisible" "source" 
1#75 "eval" "eval" "withVisible" "source" 
1#76 "eval" "eval" "withVisible" "source" 
1#76 "eval" "eval" "withVisible" "source" 
"%/%" 1#22 "idx_up" 1#73 "eval" "eval" "withVisible" "source" 
"%%" 1#17 "idx_right" 1#42 "get_nmoved" 1#78 "eval" "eval" "withVisible" "source" 
"%/%" 1#22 "idx_up" 1#40 "get_nmoved" 1#71 "eval" "eval" "withVisible" "source" 
"%%" 1#17 "idx_right" 1#66 "eval" "eval" "withVisible" "source" 
1#76 "eval" "eval" "withVisible" "source" 
1#74 "eval" "eval" "withVisible" "source" 
"%/%" 1#22 "idx_up" 1#73 "eval" "eval" "withVisible" "source" 
"%/%" 1#22 "idx_up" 1#40 "get_nmoved" 1#71 "eval" "eval" "withVisible" "source" 
"%%" 1#22 "idx_up" 1#40 "get_nmoved" 1#71 "eval" "eval" "withVisible" "source" 
1#76 "eval" "eval" "withVisible" "source" 
1#68 "eval" "eval" "withVisible" "source" 
1#67 "eval" "eval" "withVisible" "source" 
"==" 1#74 "eval" "eval" "withVisible" "source" 
"%%" 1#22 "idx_up" 1#40 "get_nmoved" 1#71 "eval" "eval" "withVisible" "source" 
1#74 "eval" "eval" "withVisible" "source" 
"==" 1#42 "get_nmoved" 1#78 "eval" "eval" "withVisible" "source" 
"%%" 1#22 "idx_up" 1#40 "get_nmoved" 1#71 "eval" "eval" "withVisible" "source" 
1#75 "eval" "eval" "withVisible" "source" 
1#68 "eval" "eval" "withVisible" "source" 
1#42 "get_nmoved" 1#78 "eval" "eval" "withVisible" "source" 
"==" 1#67 "eval" "eval" "withVisible" "source" 
"%%" 1#22 "idx_up" 1#73 "eval" "eval" "withVisible" "source" 
1#68 "eval" "eval" "withVisible" "source" 
1#40 "get_nmoved" 1#71 "eval" "eval" "withVisible" "source" 
1#80 "eval" "eval" "withVisible" "source" 
"==" 1#40 "get_nmoved" 1#71 "eval" "eval" "withVisible" "source" 
"%%" 1#17 "idx_right" 1#66 "eval" "eval" "withVisible" "source" 
"%%" 1#17 "idx_right" 1#42 "get_nmoved" 1#78 "eval" "eval" "withVisible" "source" 
1#68 "eval" "eval" "withVisible" "source" 
"==" 1#74 "eval" "eval" "withVisible" "source" 
1#69 "eval" "eval" "withVisible" "source" 
1#40 "get_nmoved" 1#71 "eval" "eval" "withVisible" "source" 
1#67 "eval" "eval" "withVisible" "source" 
1#70 "eval" "eval" "withVisible" "source" 
1#75 "eval" "eval" "withVisible" "source" 
"%%" 1#17 "idx_right" 1#42 "get_nmoved" 1#78 "eval" "eval" "withVisible" "source" 
1#69 "eval" "eval" "withVisible" "source" 
1#69 "eval" "eval" "withVisible" "source" 
"%%" 1#17 "idx_right" 1#66 "eval" "eval" "withVisible" "source" 
1#69 "eval" "eval" "withVisible" "source" 
"==" 1#42 "get_nmoved" 1#78 "eval" "eval" "withVisible" "source" 
"-" 1#22 "idx_up" 1#73 "eval" "eval" "withVisible" "source" 
1#69 "eval" "eval" "withVisible" "source" 
"%%" 1#22 "idx_up" 1#73 "eval" "eval" "withVisible" "source" 
1#76 "eval" "eval" "withVisible" "source" 
1#69 "eval" "eval" "withVisible" "source" 
1#40 "get_nmoved" 1#71 "eval" "eval" "withVisible" "source" 
1#76 "eval" "eval" "withVisible" "source" 
1#40 "get_nmoved" 1#71 "eval" "eval" "withVisible" "source" 
1#67 "eval" "eval" "withVisible" "source" 
"%%" 1#22 "idx_up" 1#73 "eval" "eval" "withVisible" "source" 
1#70 "eval" "eval" "withVisible" "source" 
1#40 "get_nmoved" 1#71 "eval" "eval" "withVisible" "source" 
1#75 "eval" "eval" "withVisible" "source" 
1#67 "eval" "eval" "withVisible" "source" 
1#75 "eval" "eval" "withVisible" "source" 
"%%" 1#22 "idx_up" 1#73 "eval" "eval" "withVisible" "source" 
1#76 "eval" "eval" "withVisible" "source" 
1#77 "eval" "eval" "withVisible" "source" 
1#75 "eval" "eval" "withVisible" "source" 
1#75 "eval" "eval" "withVisible" "source" 
"%/%" 1#22 "idx_up" 1#73 "eval" "eval" "withVisible" "source" 
1#67 "eval" "eval" "withVisible" "source" 
1#75 "eval" "eval" "withVisible" "source" 
1#75 "eval" "eval" "withVisible" "source" 
"==" 1#74 "eval" "eval" "withVisible" "source" 
1#74 "eval" "eval" "withVisible" "source" 
"%%" 1#17 "idx_right" 1#42 "get_nmoved" 1#78 "eval" "eval" "withVisible" "source" 
"%%" 1#17 "idx_right" 1#42 "get_nmoved" 1#78 "eval" "eval" "withVisible" "source" 
1#75 "eval" "eval" "withVisible" "source" 
1#69 "eval" "eval" "withVisible" "source" 
"==" 1#42 "get_nmoved" 1#78 "eval" "eval" "withVisible" "source" 
"%%" 1#17 "idx_right" 1#42 "get_nmoved" 1#78 "eval" "eval" "withVisible" "source" 
"!" 1#77 "eval" "eval" "withVisible" "source" 
1#42 "get_nmoved" 1#78 "eval" "eval" "withVisible" "source" 
1#76 "eval" "eval" "withVisible" "source" 
1#68 "eval" "eval" "withVisible" "source" 
"==" 1#74 "eval" "eval" "withVisible" "source" 
1#70 "eval" "eval" "withVisible" "source" 
1#75 "eval" "eval" "withVisible" "source" 
"%%" 1#17 "idx_right" 1#66 "eval" "eval" "withVisible" "source" 
1#76 "eval" "eval" "withVisible" "source" 
"c" 1#77 "eval" "eval" "withVisible" "source" 
1#68 "eval" "eval" "withVisible" "source" 
1#68 "eval" "eval" "withVisible" "source" 
1#40 "get_nmoved" 1#71 "eval" "eval" "withVisible" "source" 
1#77 "eval" "eval" "withVisible" "source" 
1#68 "eval" "eval" "withVisible" "source" 
"-" 1#22 "idx_up" 1#73 "eval" "eval" "withVisible" "source" 
1#68 "eval" "eval" "withVisible" "source" 
"%%" 1#17 "idx_right" 1#42 "get_nmoved" 1#78 "eval" "eval" "withVisible" "source" 
"==" 1#74 "eval" "eval" "withVisible" "source" 
1#76 "eval" "eval" "withVisible" "source" 
1#77 "eval" "eval" "withVisible" "source" 
1#40 "get_nmoved" 1#71 "eval" "eval" "withVisible" "source" 
1#74 "eval" "eval" "withVisible" "source" 
1#74 "eval" "eval" "withVisible" "source" 
1#75 "eval" "eval" "withVisible" "source" 
"c" 1#70 "eval" "eval" "withVisible" "source" 
"%%" 1#22 "idx_up" 1#40 "get_nmoved" 1#71 "eval" "eval" "withVisible" "source" 
"+" 1#17 "idx_right" 1#42 "get_nmoved" 1#78 "eval" "eval" "withVisible" "source" 
"%%" 1#22 "idx_up" 1#40 "get_nmoved" 1#71 "eval" "eval" "withVisible" "source" 
1#68 "eval" "eval" "withVisible" "source" 
1#77 "eval" "eval" "withVisible" "source" 
1#17 "idx_right" 1#42 "get_nmoved" 1#78 "eval" "eval" "withVisible" "source" 
1#68 "eval" "eval" "withVisible" "source" 
1#42 "get_nmoved" 1#78 "eval" "eval" "withVisible" "source" 
1#68 "eval" "eval" "withVisible" "source" 
1#69 "eval" "eval" "withVisible" "source" 
1#68 "eval" "eval" "withVisible" "source" 
1#68 "eval" "eval" "withVisible" "source" 
1#69 "eval" "eval" "withVisible" "source" 
"+" 1#17 "idx_right" 1#66 "eval" "eval" "withVisible" "source" 
1#69 "eval" "eval" "withVisible" "source" 
"%%" 1#22 "idx_up" 1#40 "get_nmoved" 1#71 "eval" "eval" "withVisible" "source" 
"%%" 1#22 "idx_up" 1#73 "eval" "eval" "withVisible" "source" 
1#68 "eval" "eval" "withVisible" "source" 
"+" 1#22 "idx_up" 1#73 "eval" "eval" "withVisible" "source" 
1#70 "eval" "eval" "withVisible" "source" 
1#68 "eval" "eval" "withVisible" "source" 
"%%" 1#22 "idx_up" 1#40 "get_nmoved" 1#71 "eval" "eval" "withVisible" "source" 
"%%" 1#17 "idx_right" 1#42 "get_nmoved" 1#78 "eval" "eval" "withVisible" "source" 
1#69 "eval" "eval" "withVisible" "source" 
1#76 "eval" "eval" "withVisible" "source" 
1#22 "$" 1#22 "idx_up" 1#73 "eval" "eval" "withVisible" "source" 
"%%" 1#22 "idx_up" 1#73 "eval" "eval" "withVisible" "source" 
"%%" 1#22 "idx_up" 1#40 "get_nmoved" 1#71 "eval" "eval" "withVisible" "source" 
1#69 "eval" "eval" "withVisible" "source" 
"%%" 1#22 "idx_up" 1#40 "get_nmoved" 1#71 "eval" "eval" "withVisible" "source" 
"%%" 1#17 "idx_right" 1#42 "get_nmoved" 1#78 "eval" "eval" "withVisible" "source" 
1#70 "eval" "eval" "withVisible" "source" 
"==" 1#67 "eval" "eval" "withVisible" "source" 
"!" 1#70 "eval" "eval" "withVisible" "source" 
1#69 "eval" "eval" "withVisible" "source" 
1#42 "get_nmoved" 1#78 "eval" "eval" "withVisible" "source" 
1#69 "eval" "eval" "withVisible" "source" 
1#75 "eval" "eval" "withVisible" "source" 
1#76 "eval" "eval" "withVisible" "source" 
1#76 "eval" "eval" "withVisible" "source" 
1#68 "eval" "eval" "withVisible" "source" 
"!" 1#70 "eval" "eval" "withVisible" "source" 
1#68 "eval" "eval" "withVisible" "source" 
"%%" 1#17 "idx_right" 1#42 "get_nmoved" 1#78 "eval" "eval" "withVisible" "source" 
1#80 "eval" "eval" "withVisible" "source" 
"%%" 1#22 "idx_up" 1#40 "get_nmoved" 1#71 "eval" "eval" "withVisible" "source" 
1#75 "eval" "eval" "withVisible" "source" 
1#69 "eval" "eval" "withVisible" "source" 
"%/%" 1#22 "idx_up" 1#73 "eval" "eval" "withVisible" "source" 
1#75 "eval" "eval" "withVisible" "source" 
1#67 "eval" "eval" "withVisible" "source" 
"%%" 1#22 "idx_up" 1#40 "get_nmoved" 1#71 "eval" "eval" "withVisible" "source" 
"%%" 1#22 "idx_up" 1#73 "eval" "eval" "withVisible" "source" 
1#17 "$" 1#17 "idx_right" 1#42 "get_nmoved" 1#78 "eval" "eval" "withVisible" "source" 
1#69 "eval" "eval" "withVisible" "source" 
1#42 "get_nmoved" 1#78 "eval" "eval" "withVisible" "source" 
1#42 "get_nmoved" 1#78 "eval" "eval" "withVisible" "source" 
1#75 "eval" "eval" "withVisible" "source" 
1#69 "eval" "eval" "withVisible" "source" 
1#77 "eval" "eval" "withVisible" "source" 
1#77 "eval" "eval" "withVisible" "source" 
1#76 "eval" "eval" "withVisible" "source" 
"==" 1#74 "eval" "eval" "withVisible" "source" 
1#77 "eval" "eval" "withVisible" "source" 
1#69 "$" 1#69 "eval" "eval" "withVisible" "source" 
1#68 "eval" "eval" "withVisible" "source" 
"+" 1#22 "idx_up" 1#40 "get_nmoved" 1#71 "eval" "eval" "withVisible" "source" 
1#22 "$" 1#22 "idx_up" 1#40 "get_nmoved" 1#71 "eval" "eval" "withVisible" "source" 
1#76 "eval" "eval" "withVisible" "source" 
"==" 1#67 "eval" "eval" "withVisible" "source" 
"%%" 1#22 "idx_up" 1#40 "get_nmoved" 1#71 "eval" "eval" "withVisible" "source" 
"==" 1#67 "eval" "eval" "withVisible" "source" 
"c" 1#70 "eval" "eval" "withVisible" "source" 
1#42 "get_nmoved" 1#78 "eval" "eval" "withVisible" "source" 
1#69 "eval" "eval" "withVisible" "source" 
"%/%" 1#22 "idx_up" 1#40 "get_nmoved" 1#71 "eval" "eval" "withVisible" "source" 
"%%" 1#22 "idx_up" 1#40 "get_nmoved" 1#71 "eval" "eval" "withVisible" "source" 
"-" 1#22 "idx_up" 1#73 "eval" "eval" "withVisible" "source" 
"==" 1#42 "get_nmoved" 1#78 "eval" "eval" "withVisible" "source" 
1#42 "get_nmoved" 1#78 "eval" "eval" "withVisible" "source" 
"%/%" 1#22 "idx_up" 1#73 "eval" "eval" "withVisible" "source" 
1#67 "eval" "eval" "withVisible" "source" 
1#69 "eval" "eval" "withVisible" "source" 
1#40 "get_nmoved" 1#71 "eval" "eval" "withVisible" "source" 
"%%" 1#22 "idx_up" 1#40 "get_nmoved" 1#71 "eval" "eval" "withVisible" "source" 
"%/%" 1#22 "idx_up" 1#73 "eval" "eval" "withVisible" "source" 
"!" 1#77 "eval" "eval" "withVisible" "source" 
1#68 "$" 1#68 "eval" "eval" "withVisible" "source" 
"%%" 1#22 "idx_up" 1#40 "get_nmoved" 1#71 "eval" "eval" "withVisible" "source" 
1#69 "eval" "eval" "withVisible" "source" 
"%%" 1#17 "idx_right" 1#42 "get_nmoved" 1#78 "eval" "eval" "withVisible" "source" 
"%%" 1#17 "idx_right" 1#42 "get_nmoved" 1#78 "eval" "eval" "withVisible" "source" 
"%%" 1#17 "idx_right" 1#42 "get_nmoved" 1#78 "eval" "eval" "withVisible" "source" 
1#69 "eval" "eval" "withVisible" "source" 
1#67 "eval" "eval" "withVisible" "source" 
1#68 "eval" "eval" "withVisible" "source" 
1#40 "get_nmoved" 1#71 "eval" "eval" "withVisible" "source" 
1#74 "eval" "eval" "withVisible" "source" 
1#70 "eval" "eval" "withVisible" "source" 
1#42 "get_nmoved" 1#78 "eval" "eval" "withVisible" "source" 
1#75 "eval" "eval" "withVisible" "source" 
1#76 "eval" "eval" "withVisible" "source" 
"==" 1#40 "get_nmoved" 1#71 "eval" "eval" "withVisible" "source" 
1#69 "eval" "eval" "withVisible" "source" 
"%%" 1#17 "idx_right" 1#42 "get_nmoved" 1#78 "eval" "eval" "withVisible" "source" 
"%%" 1#22 "idx_up" 1#73 "eval" "eval" "withVisible" "source" 
1#69 "eval" "eval" "withVisible" "source" 
"%%" 1#17 "idx_right" 1#66 "eval" "eval" "withVisible" "source" 
1#75 "eval" "eval" "withVisible" "source" 
